This is pdfTeX, Version 3.141592653-2.6-1.40.25 (MiKTeX 23.10) (preloaded format=pdflatex 2023.10.15)  12 NOV 2023 21:59
entering extended mode
 restricted \write18 enabled.
 %&-line parsing enabled.
**./formal-spec.tex
(formal-spec.tex
LaTeX2e <2023-06-01> patch level 1
L3 programming layer <2023-08-29>
(C:\Users\clara\AppData\Local\Programs\MiKTeX\tex/latex/base\article.cls
Document Class: article 2023/05/17 v1.4n Standard LaTeX document class
(C:\Users\clara\AppData\Local\Programs\MiKTeX\tex/latex/base\size12.clo
File: size12.clo 2023/05/17 v1.4n Standard LaTeX file (size option)
)
\c@part=\count185
\c@section=\count186
\c@subsection=\count187
\c@subsubsection=\count188
\c@paragraph=\count189
\c@subparagraph=\count190
\c@figure=\count191
\c@table=\count192
\abovecaptionskip=\skip48
\belowcaptionskip=\skip49
\bibindent=\dimen140
)
(C:\Users\clara\AppData\Local\Programs\MiKTeX\tex/latex/geometry\geometry.sty
Package: geometry 2020/01/02 v5.9 Page Geometry

(C:\Users\clara\AppData\Local\Programs\MiKTeX\tex/latex/graphics\keyval.sty
Package: keyval 2022/05/29 v1.15 key=value parser (DPC)
\KV@toks@=\toks17
)
(C:\Users\clara\AppData\Local\Programs\MiKTeX\tex/generic/iftex\ifvtex.sty
Package: ifvtex 2019/10/25 v1.7 ifvtex legacy package. Use iftex instead.

(C:\Users\clara\AppData\Local\Programs\MiKTeX\tex/generic/iftex\iftex.sty
Package: iftex 2022/02/03 v1.0f TeX engine tests
))
\Gm@cnth=\count193
\Gm@cntv=\count194
\c@Gm@tempcnt=\count195
\Gm@bindingoffset=\dimen141
\Gm@wd@mp=\dimen142
\Gm@odd@mp=\dimen143
\Gm@even@mp=\dimen144
\Gm@layoutwidth=\dimen145
\Gm@layoutheight=\dimen146
\Gm@layouthoffset=\dimen147
\Gm@layoutvoffset=\dimen148
\Gm@dimlist=\toks18

(C:\Users\clara\AppData\Local\Programs\MiKTeX\tex/latex/geometry\geometry.cfg))
(C:\Users\clara\AppData\Local\Programs\MiKTeX\tex/latex/base\alltt.sty
Package: alltt 2021/01/29 v2.0g defines alltt environment
)
(C:\Users\clara\AppData\Local\Programs\MiKTeX\tex/latex/tools\array.sty
Package: array 2022/09/04 v2.5g Tabular extension package (FMi)
\col@sep=\dimen149
\ar@mcellbox=\box51
\extrarowheight=\dimen150
\NC@list=\toks19
\extratabsurround=\skip50
\backup@length=\skip51
\ar@cellbox=\box52
)
(C:\Users\clara\AppData\Local\Programs\MiKTeX\tex/latex/graphics\graphicx.sty
Package: graphicx 2021/09/16 v1.2d Enhanced LaTeX Graphics (DPC,SPQR)

(C:\Users\clara\AppData\Local\Programs\MiKTeX\tex/latex/graphics\graphics.sty
Package: graphics 2022/03/10 v1.4e Standard LaTeX Graphics (DPC,SPQR)

(C:\Users\clara\AppData\Local\Programs\MiKTeX\tex/latex/graphics\trig.sty
Package: trig 2021/08/11 v1.11 sin cos tan (DPC)
)
(C:\Users\clara\AppData\Local\Programs\MiKTeX\tex/latex/graphics-cfg\graphics.c
fg
File: graphics.cfg 2016/06/04 v1.11 sample graphics configuration
)
Package graphics Info: Driver file: pdftex.def on input line 107.

(C:\Users\clara\AppData\Local\Programs\MiKTeX\tex/latex/graphics-def\pdftex.def
File: pdftex.def 2022/09/22 v1.2b Graphics/color driver for pdftex
))
\Gin@req@height=\dimen151
\Gin@req@width=\dimen152
) (C:\Users\clara\AppData\Local\Programs\MiKTeX\tex/latex/tools\tabularx.sty
Package: tabularx 2020/01/15 v2.11c `tabularx' package (DPC)
\TX@col@width=\dimen153
\TX@old@table=\dimen154
\TX@old@col=\dimen155
\TX@target=\dimen156
\TX@delta=\dimen157
\TX@cols=\count196
\TX@ftn=\toks20
) (C:\Users\clara\AppData\Local\Programs\MiKTeX\tex/latex/tools\verbatim.sty
Package: verbatim 2022-07-02 v1.5u LaTeX2e package for verbatim enhancements
\every@verbatim=\toks21
\verbatim@line=\toks22
\verbatim@in@stream=\read2
)
(C:\Users\clara\AppData\Local\Programs\MiKTeX\tex/latex/setspace\setspace.sty
Package: setspace 2022/12/04 v6.7b set line spacing
)
(C:\Users\clara\AppData\Local\Programs\MiKTeX\tex/latex/listings\listings.sty
\lst@mode=\count197
\lst@gtempboxa=\box53
\lst@token=\toks23
\lst@length=\count198
\lst@currlwidth=\dimen158
\lst@column=\count199
\lst@pos=\count266
\lst@lostspace=\dimen159
\lst@width=\dimen160
\lst@newlines=\count267
\lst@lineno=\count268
\lst@maxwidth=\dimen161

(C:\Users\clara\AppData\Local\Programs\MiKTeX\tex/latex/listings\lstmisc.sty
File: lstmisc.sty 2023/02/27 1.9 (Carsten Heinz)
\c@lstnumber=\count269
\lst@skipnumbers=\count270
\lst@framebox=\box54
)
(C:\Users\clara\AppData\Local\Programs\MiKTeX\tex/latex/listings\listings.cfg
File: listings.cfg 2023/02/27 1.9 listings configuration
))
Package: listings 2023/02/27 1.9 (Carsten Heinz)
(C:\Users\clara\AppData\Local\Programs\MiKTeX\tex/latex/amsfonts\amssymb.sty
Package: amssymb 2013/01/14 v3.01 AMS font symbols

(C:\Users\clara\AppData\Local\Programs\MiKTeX\tex/latex/amsfonts\amsfonts.sty
Package: amsfonts 2013/01/14 v3.01 Basic AMSFonts support
\@emptytoks=\toks24
\symAMSa=\mathgroup4
\symAMSb=\mathgroup5
LaTeX Font Info:    Redeclaring math symbol \hbar on input line 98.
LaTeX Font Info:    Overwriting math alphabet `\mathfrak' in version `bold'
(Font)                  U/euf/m/n --> U/euf/b/n on input line 106.
)) (C:\Users\clara\AppData\Local\Programs\MiKTeX\tex/latex/amsmath\amsmath.sty
Package: amsmath 2023/05/13 v2.17o AMS math features
\@mathmargin=\skip52

For additional information on amsmath, use the `?' option.
(C:\Users\clara\AppData\Local\Programs\MiKTeX\tex/latex/amsmath\amstext.sty
Package: amstext 2021/08/26 v2.01 AMS text

(C:\Users\clara\AppData\Local\Programs\MiKTeX\tex/latex/amsmath\amsgen.sty
File: amsgen.sty 1999/11/30 v2.0 generic functions
\@emptytoks=\toks25
\ex@=\dimen162
))
(C:\Users\clara\AppData\Local\Programs\MiKTeX\tex/latex/amsmath\amsbsy.sty
Package: amsbsy 1999/11/29 v1.2d Bold Symbols
\pmbraise@=\dimen163
)
(C:\Users\clara\AppData\Local\Programs\MiKTeX\tex/latex/amsmath\amsopn.sty
Package: amsopn 2022/04/08 v2.04 operator names
)
\inf@bad=\count271
LaTeX Info: Redefining \frac on input line 234.
\uproot@=\count272
\leftroot@=\count273
LaTeX Info: Redefining \overline on input line 399.
LaTeX Info: Redefining \colon on input line 410.
\classnum@=\count274
\DOTSCASE@=\count275
LaTeX Info: Redefining \ldots on input line 496.
LaTeX Info: Redefining \dots on input line 499.
LaTeX Info: Redefining \cdots on input line 620.
\Mathstrutbox@=\box55
\strutbox@=\box56
LaTeX Info: Redefining \big on input line 722.
LaTeX Info: Redefining \Big on input line 723.
LaTeX Info: Redefining \bigg on input line 724.
LaTeX Info: Redefining \Bigg on input line 725.
\big@size=\dimen164
LaTeX Font Info:    Redeclaring font encoding OML on input line 743.
LaTeX Font Info:    Redeclaring font encoding OMS on input line 744.
\macc@depth=\count276
LaTeX Info: Redefining \bmod on input line 905.
LaTeX Info: Redefining \pmod on input line 910.
LaTeX Info: Redefining \smash on input line 940.
LaTeX Info: Redefining \relbar on input line 970.
LaTeX Info: Redefining \Relbar on input line 971.
\c@MaxMatrixCols=\count277
\dotsspace@=\muskip16
\c@parentequation=\count278
\dspbrk@lvl=\count279
\tag@help=\toks26
\row@=\count280
\column@=\count281
\maxfields@=\count282
\andhelp@=\toks27
\eqnshift@=\dimen165
\alignsep@=\dimen166
\tagshift@=\dimen167
\tagwidth@=\dimen168
\totwidth@=\dimen169
\lineht@=\dimen170
\@envbody=\toks28
\multlinegap=\skip53
\multlinetaggap=\skip54
\mathdisplay@stack=\toks29
LaTeX Info: Redefining \[ on input line 2953.
LaTeX Info: Redefining \] on input line 2954.
)
(C:\Users\clara\AppData\Local\Programs\MiKTeX\tex/latex/amscls\amsthm.sty
Package: amsthm 2020/05/29 v2.20.6
\thm@style=\toks30
\thm@bodyfont=\toks31
\thm@headfont=\toks32
\thm@notefont=\toks33
\thm@headpunct=\toks34
\thm@preskip=\skip55
\thm@postskip=\skip56
\thm@headsep=\skip57
\dth@everypar=\toks35
)
(C:\Users\clara\AppData\Local\Programs\MiKTeX\tex/latex/hyperref\hyperref.sty
Package: hyperref 2023-07-08 v7.01b Hypertext links for LaTeX

(C:\Users\clara\AppData\Local\Programs\MiKTeX\tex/generic/ltxcmds\ltxcmds.sty
Package: ltxcmds 2020-05-10 v1.25 LaTeX kernel commands for general use (HO)
)
(C:\Users\clara\AppData\Local\Programs\MiKTeX\tex/generic/pdftexcmds\pdftexcmds
.sty
Package: pdftexcmds 2020-06-27 v0.33 Utility functions of pdfTeX for LuaTeX (HO
)

(C:\Users\clara\AppData\Local\Programs\MiKTeX\tex/generic/infwarerr\infwarerr.s
ty
Package: infwarerr 2019/12/03 v1.5 Providing info/warning/error messages (HO)
)
Package pdftexcmds Info: \pdf@primitive is available.
Package pdftexcmds Info: \pdf@ifprimitive is available.
Package pdftexcmds Info: \pdfdraftmode found.
)
(C:\Users\clara\AppData\Local\Programs\MiKTeX\tex/latex/kvsetkeys\kvsetkeys.sty
Package: kvsetkeys 2022-10-05 v1.19 Key value parser (HO)
)
(C:\Users\clara\AppData\Local\Programs\MiKTeX\tex/generic/kvdefinekeys\kvdefine
keys.sty
Package: kvdefinekeys 2019-12-19 v1.6 Define keys (HO)
)
(C:\Users\clara\AppData\Local\Programs\MiKTeX\tex/generic/pdfescape\pdfescape.s
ty
Package: pdfescape 2019/12/09 v1.15 Implements pdfTeX's escape features (HO)
) (C:\Users\clara\AppData\Local\Programs\MiKTeX\tex/latex/hycolor\hycolor.sty
Package: hycolor 2020-01-27 v1.10 Color options for hyperref/bookmark (HO)
)
(C:\Users\clara\AppData\Local\Programs\MiKTeX\tex/latex/letltxmacro\letltxmacro
.sty
Package: letltxmacro 2019/12/03 v1.6 Let assignment for LaTeX macros (HO)
)
(C:\Users\clara\AppData\Local\Programs\MiKTeX\tex/latex/auxhook\auxhook.sty
Package: auxhook 2019-12-17 v1.6 Hooks for auxiliary files (HO)
)
(C:\Users\clara\AppData\Local\Programs\MiKTeX\tex/latex/hyperref\nameref.sty
Package: nameref 2023-08-07 v2.53 Cross-referencing by name of section

(C:\Users\clara\AppData\Local\Programs\MiKTeX\tex/latex/refcount\refcount.sty
Package: refcount 2019/12/15 v3.6 Data extraction from label references (HO)
)
(C:\Users\clara\AppData\Local\Programs\MiKTeX\tex/generic/gettitlestring\gettit
lestring.sty
Package: gettitlestring 2019/12/15 v1.6 Cleanup title references (HO)

(C:\Users\clara\AppData\Local\Programs\MiKTeX\tex/latex/kvoptions\kvoptions.sty
Package: kvoptions 2022-06-15 v3.15 Key value format for package options (HO)
))
\c@section@level=\count283
)
(C:\Users\clara\AppData\Local\Programs\MiKTeX\tex/latex/etoolbox\etoolbox.sty
Package: etoolbox 2020/10/05 v2.5k e-TeX tools for LaTeX (JAW)
\etb@tempcnta=\count284
)
\@linkdim=\dimen171
\Hy@linkcounter=\count285
\Hy@pagecounter=\count286

(C:\Users\clara\AppData\Local\Programs\MiKTeX\tex/latex/hyperref\pd1enc.def
File: pd1enc.def 2023-07-08 v7.01b Hyperref: PDFDocEncoding definition (HO)
Now handling font encoding PD1 ...
... no UTF-8 mapping file for font encoding PD1
)
(C:\Users\clara\AppData\Local\Programs\MiKTeX\tex/generic/intcalc\intcalc.sty
Package: intcalc 2019/12/15 v1.3 Expandable calculations with integers (HO)
)
\Hy@SavedSpaceFactor=\count287

(C:\Users\clara\AppData\Local\Programs\MiKTeX\tex/latex/hyperref\puenc.def
File: puenc.def 2023-07-08 v7.01b Hyperref: PDF Unicode definition (HO)
Now handling font encoding PU ...
... no UTF-8 mapping file for font encoding PU
)
Package hyperref Info: Hyper figures OFF on input line 4167.
Package hyperref Info: Link nesting OFF on input line 4172.
Package hyperref Info: Hyper index ON on input line 4175.
Package hyperref Info: Plain pages OFF on input line 4182.
Package hyperref Info: Backreferencing OFF on input line 4187.
Package hyperref Info: Implicit mode ON; LaTeX internals redefined.
Package hyperref Info: Bookmarks ON on input line 4434.
\c@Hy@tempcnt=\count288

(C:\Users\clara\AppData\Local\Programs\MiKTeX\tex/latex/url\url.sty
\Urlmuskip=\muskip17
Package: url 2013/09/16  ver 3.4  Verb mode for urls, etc.
)
LaTeX Info: Redefining \url on input line 4772.
\XeTeXLinkMargin=\dimen172

(C:\Users\clara\AppData\Local\Programs\MiKTeX\tex/generic/bitset\bitset.sty
Package: bitset 2019/12/09 v1.3 Handle bit-vector datatype (HO)

(C:\Users\clara\AppData\Local\Programs\MiKTeX\tex/generic/bigintcalc\bigintcalc
.sty
Package: bigintcalc 2019/12/15 v1.5 Expandable calculations on big integers (HO
)
))
\Fld@menulength=\count289
\Field@Width=\dimen173
\Fld@charsize=\dimen174
Package hyperref Info: Hyper figures OFF on input line 6051.
Package hyperref Info: Link nesting OFF on input line 6056.
Package hyperref Info: Hyper index ON on input line 6059.
Package hyperref Info: backreferencing OFF on input line 6066.
Package hyperref Info: Link coloring OFF on input line 6071.
Package hyperref Info: Link coloring with OCG OFF on input line 6076.
Package hyperref Info: PDF/A mode OFF on input line 6081.

(C:\Users\clara\AppData\Local\Programs\MiKTeX\tex/latex/base\atbegshi-ltx.sty
Package: atbegshi-ltx 2021/01/10 v1.0c Emulation of the original atbegshi
package with kernel methods
)
\Hy@abspage=\count290
\c@Item=\count291
\c@Hfootnote=\count292
)
Package hyperref Info: Driver (autodetected): hpdftex.
(C:\Users\clara\AppData\Local\Programs\MiKTeX\tex/latex/hyperref\hpdftex.def
File: hpdftex.def 2023-07-08 v7.01b Hyperref driver for pdfTeX

(C:\Users\clara\AppData\Local\Programs\MiKTeX\tex/latex/base\atveryend-ltx.sty
Package: atveryend-ltx 2020/08/19 v1.0a Emulation of the original atveryend pac
kage
with kernel methods
)
\Fld@listcount=\count293
\c@bookmark@seq@number=\count294

(C:\Users\clara\AppData\Local\Programs\MiKTeX\tex/latex/rerunfilecheck\rerunfil
echeck.sty
Package: rerunfilecheck 2022-07-10 v1.10 Rerun checks for auxiliary files (HO)

(C:\Users\clara\AppData\Local\Programs\MiKTeX\tex/generic/uniquecounter\uniquec
ounter.sty
Package: uniquecounter 2019/12/15 v1.4 Provide unlimited unique counter (HO)
)
Package uniquecounter Info: New unique counter `rerunfilecheck' on input line 2
85.
)
\Hy@SectionHShift=\skip58
)
(C:\Users\clara\AppData\Local\Programs\MiKTeX\tex/latex/objectz\oz.sty
Package: oz 1999/05/24 2.46 Object Z macros

`Object-Z Macros' 2.46 <1999/05/24>
(C:\Users\clara\AppData\Local\Programs\MiKTeX\tex/latex/tools\calc.sty
Package: calc 2017/05/25 v4.3 Infix arithmetic (KKT,FJ)
\calc@Acount=\count295
\calc@Bcount=\count296
\calc@Adimen=\dimen175
\calc@Bdimen=\dimen176
\calc@Askip=\skip59
\calc@Bskip=\skip60
LaTeX Info: Redefining \setlength on input line 80.
LaTeX Info: Redefining \addtolength on input line 81.
\calc@Ccount=\count297
\calc@Cskip=\skip61
)
\c@mv@oz=\count298
LaTeX Font Info:    Overwriting math alphabet `\mathrm' in version `oz'
(Font)                  OT1/cmr/m/n --> OT1/cmr/m/n on input line 71.
LaTeX Font Info:    Overwriting math alphabet `\mathbf' in version `oz'
(Font)                  OT1/cmr/bx/n --> OT1/cmr/bx/n on input line 71.
LaTeX Font Info:    Overwriting math alphabet `\mathsf' in version `oz'
(Font)                  OT1/cmss/m/n --> OT1/cmss/m/n on input line 71.
\symitalics=\mathgroup6
LaTeX Font Info:    Redeclaring math alphabet \mathrm on input line 71.
LaTeX Font Info:    Redeclaring math alphabet \mathit on input line 71.
\symlasy=\mathgroup7
LaTeX Font Info:    Redeclaring symbol font `AMSa' on input line 71.
LaTeX Font Info:    Overwriting symbol font `AMSa' in version `normal'
(Font)                  U/msa/m/n --> U/msa/m/n on input line 71.
LaTeX Font Info:    Overwriting symbol font `AMSa' in version `bold'
(Font)                  U/msa/m/n --> U/msa/m/n on input line 71.
LaTeX Font Info:    Overwriting symbol font `AMSa' in version `oz'
(Font)                  U/msa/m/n --> U/msa/m/n on input line 71.
LaTeX Font Info:    Redeclaring symbol font `AMSb' on input line 71.
LaTeX Font Info:    Overwriting symbol font `AMSb' in version `normal'
(Font)                  U/msb/m/n --> U/msb/m/n on input line 71.
LaTeX Font Info:    Overwriting symbol font `AMSb' in version `bold'
(Font)                  U/msb/m/n --> U/msb/m/n on input line 71.
LaTeX Font Info:    Overwriting symbol font `AMSb' in version `oz'
(Font)                  U/msb/m/n --> U/msb/m/n on input line 71.
\strutbox@=\box57
\big@size=\dimen177
LaTeX Font Info:    Redeclaring math symbol \boxdot on input line 362.
LaTeX Font Info:    Redeclaring math symbol \boxplus on input line 362.
LaTeX Font Info:    Redeclaring math symbol \boxtimes on input line 362.
LaTeX Font Info:    Redeclaring math symbol \square on input line 362.
LaTeX Font Info:    Redeclaring math symbol \blacksquare on input line 362.
LaTeX Font Info:    Redeclaring math symbol \centerdot on input line 362.
LaTeX Font Info:    Redeclaring math symbol \lozenge on input line 362.
LaTeX Font Info:    Redeclaring math symbol \blacklozenge on input line 362.
LaTeX Font Info:    Redeclaring math symbol \circlearrowright on input line 362
.
LaTeX Font Info:    Redeclaring math symbol \circlearrowleft on input line 362.

LaTeX Font Info:    Redeclaring math symbol \leftrightharpoons on input line 36
2.
LaTeX Font Info:    Redeclaring math symbol \boxminus on input line 362.
LaTeX Font Info:    Redeclaring math symbol \Vdash on input line 362.
LaTeX Font Info:    Redeclaring math symbol \Vvdash on input line 362.
LaTeX Font Info:    Redeclaring math symbol \vDash on input line 362.
LaTeX Font Info:    Redeclaring math symbol \twoheadrightarrow on input line 36
2.
LaTeX Font Info:    Redeclaring math symbol \twoheadleftarrow on input line 362
.
LaTeX Font Info:    Redeclaring math symbol \leftleftarrows on input line 362.
LaTeX Font Info:    Redeclaring math symbol \rightrightarrows on input line 362
.
LaTeX Font Info:    Redeclaring math symbol \upuparrows on input line 362.
LaTeX Font Info:    Redeclaring math symbol \downdownarrows on input line 362.
LaTeX Font Info:    Redeclaring math symbol \upharpoonright on input line 362.
LaTeX Font Info:    Redeclaring math symbol \downharpoonright on input line 362
.
LaTeX Font Info:    Redeclaring math symbol \upharpoonleft on input line 362.
LaTeX Font Info:    Redeclaring math symbol \downharpoonleft on input line 362.

LaTeX Font Info:    Redeclaring math symbol \rightarrowtail on input line 362.
LaTeX Font Info:    Redeclaring math symbol \leftarrowtail on input line 362.
LaTeX Font Info:    Redeclaring math symbol \leftrightarrows on input line 362.

LaTeX Font Info:    Redeclaring math symbol \rightleftarrows on input line 362.

LaTeX Font Info:    Redeclaring math symbol \Lsh on input line 362.
LaTeX Font Info:    Redeclaring math symbol \Rsh on input line 362.
LaTeX Font Info:    Redeclaring math symbol \rightsquigarrow on input line 362.

LaTeX Font Info:    Redeclaring math symbol \leftrightsquigarrow on input line 
362.
LaTeX Font Info:    Redeclaring math symbol \looparrowleft on input line 362.
LaTeX Font Info:    Redeclaring math symbol \looparrowright on input line 362.
LaTeX Font Info:    Redeclaring math symbol \circeq on input line 362.
LaTeX Font Info:    Redeclaring math symbol \succsim on input line 362.
LaTeX Font Info:    Redeclaring math symbol \gtrsim on input line 362.
LaTeX Font Info:    Redeclaring math symbol \gtrapprox on input line 362.
LaTeX Font Info:    Redeclaring math symbol \multimap on input line 362.
LaTeX Font Info:    Redeclaring math symbol \therefore on input line 362.
LaTeX Font Info:    Redeclaring math symbol \because on input line 362.
LaTeX Font Info:    Redeclaring math symbol \doteqdot on input line 362.
LaTeX Font Info:    Redeclaring math symbol \triangleq on input line 362.
LaTeX Font Info:    Redeclaring math symbol \precsim on input line 362.
LaTeX Font Info:    Redeclaring math symbol \lesssim on input line 362.
LaTeX Font Info:    Redeclaring math symbol \lessapprox on input line 362.
LaTeX Font Info:    Redeclaring math symbol \eqslantless on input line 362.
LaTeX Font Info:    Redeclaring math symbol \eqslantgtr on input line 362.
LaTeX Font Info:    Redeclaring math symbol \curlyeqprec on input line 362.
LaTeX Font Info:    Redeclaring math symbol \curlyeqsucc on input line 362.
LaTeX Font Info:    Redeclaring math symbol \preccurlyeq on input line 362.
LaTeX Font Info:    Redeclaring math symbol \leqq on input line 362.
LaTeX Font Info:    Redeclaring math symbol \leqslant on input line 362.
LaTeX Font Info:    Redeclaring math symbol \lessgtr on input line 362.
LaTeX Font Info:    Redeclaring math symbol \backprime on input line 362.
LaTeX Font Info:    Redeclaring math symbol \risingdotseq on input line 362.
LaTeX Font Info:    Redeclaring math symbol \fallingdotseq on input line 362.
LaTeX Font Info:    Redeclaring math symbol \succcurlyeq on input line 362.
LaTeX Font Info:    Redeclaring math symbol \geqq on input line 362.
LaTeX Font Info:    Redeclaring math symbol \geqslant on input line 362.
LaTeX Font Info:    Redeclaring math symbol \gtrless on input line 362.
LaTeX Font Info:    Redeclaring math symbol \sqsubset on input line 362.
LaTeX Font Info:    Redeclaring math symbol \sqsupset on input line 362.
LaTeX Font Info:    Redeclaring math symbol \vartriangleright on input line 362
.
LaTeX Font Info:    Redeclaring math symbol \vartriangleleft on input line 362.

LaTeX Font Info:    Redeclaring math symbol \trianglerighteq on input line 362.

LaTeX Font Info:    Redeclaring math symbol \trianglelefteq on input line 362.
LaTeX Font Info:    Redeclaring math symbol \bigstar on input line 362.
LaTeX Font Info:    Redeclaring math symbol \between on input line 362.
LaTeX Font Info:    Redeclaring math symbol \blacktriangledown on input line 36
2.
LaTeX Font Info:    Redeclaring math symbol \blacktriangleright on input line 3
62.
LaTeX Font Info:    Redeclaring math symbol \blacktriangleleft on input line 36
2.
LaTeX Font Info:    Redeclaring math symbol \vartriangle on input line 362.
LaTeX Font Info:    Redeclaring math symbol \blacktriangle on input line 362.
LaTeX Font Info:    Redeclaring math symbol \triangledown on input line 362.
LaTeX Font Info:    Redeclaring math symbol \eqcirc on input line 362.
LaTeX Font Info:    Redeclaring math symbol \lesseqgtr on input line 362.
LaTeX Font Info:    Redeclaring math symbol \gtreqless on input line 362.
LaTeX Font Info:    Redeclaring math symbol \lesseqqgtr on input line 362.
LaTeX Font Info:    Redeclaring math symbol \gtreqqless on input line 362.
LaTeX Font Info:    Redeclaring math symbol \Rrightarrow on input line 362.
LaTeX Font Info:    Redeclaring math symbol \Lleftarrow on input line 362.
LaTeX Font Info:    Redeclaring math symbol \veebar on input line 362.
LaTeX Font Info:    Redeclaring math symbol \barwedge on input line 362.
LaTeX Font Info:    Redeclaring math symbol \doublebarwedge on input line 362.
LaTeX Font Info:    Redeclaring math symbol \measuredangle on input line 362.
LaTeX Font Info:    Redeclaring math symbol \sphericalangle on input line 362.
LaTeX Font Info:    Redeclaring math symbol \varpropto on input line 362.
LaTeX Font Info:    Redeclaring math symbol \smallsmile on input line 362.
LaTeX Font Info:    Redeclaring math symbol \smallfrown on input line 362.
LaTeX Font Info:    Redeclaring math symbol \Subset on input line 362.
LaTeX Font Info:    Redeclaring math symbol \Supset on input line 362.
LaTeX Font Info:    Redeclaring math symbol \Cup on input line 362.
LaTeX Font Info:    Redeclaring math symbol \Cap on input line 362.
LaTeX Font Info:    Redeclaring math symbol \curlywedge on input line 362.
LaTeX Font Info:    Redeclaring math symbol \curlyvee on input line 362.
LaTeX Font Info:    Redeclaring math symbol \leftthreetimes on input line 362.
LaTeX Font Info:    Redeclaring math symbol \rightthreetimes on input line 362.

LaTeX Font Info:    Redeclaring math symbol \subseteqq on input line 362.
LaTeX Font Info:    Redeclaring math symbol \supseteqq on input line 362.
LaTeX Font Info:    Redeclaring math symbol \bumpeq on input line 362.
LaTeX Font Info:    Redeclaring math symbol \Bumpeq on input line 362.
LaTeX Font Info:    Redeclaring math symbol \lll on input line 362.
LaTeX Font Info:    Redeclaring math symbol \ggg on input line 362.
LaTeX Font Info:    Redeclaring math delimiter \ulcorner on input line 362.
LaTeX Font Info:    Redeclaring math delimiter \urcorner on input line 362.
LaTeX Font Info:    Redeclaring math delimiter \llcorner on input line 362.
LaTeX Font Info:    Redeclaring math delimiter \lrcorner on input line 362.
LaTeX Font Info:    Redeclaring math symbol \circledS on input line 362.
LaTeX Font Info:    Redeclaring math symbol \pitchfork on input line 362.
LaTeX Font Info:    Redeclaring math symbol \dotplus on input line 362.
LaTeX Font Info:    Redeclaring math symbol \backsim on input line 362.
LaTeX Font Info:    Redeclaring math symbol \backsimeq on input line 362.
LaTeX Font Info:    Redeclaring math symbol \complement on input line 362.
LaTeX Font Info:    Redeclaring math symbol \intercal on input line 362.
LaTeX Font Info:    Redeclaring math symbol \circledcirc on input line 362.
LaTeX Font Info:    Redeclaring math symbol \circledast on input line 362.
LaTeX Font Info:    Redeclaring math symbol \circleddash on input line 362.
LaTeX Font Info:    Redeclaring math symbol \lvertneqq on input line 362.
LaTeX Font Info:    Redeclaring math symbol \gvertneqq on input line 362.
LaTeX Font Info:    Redeclaring math symbol \nleq on input line 362.
LaTeX Font Info:    Redeclaring math symbol \ngeq on input line 362.
LaTeX Font Info:    Redeclaring math symbol \nless on input line 362.
LaTeX Font Info:    Redeclaring math symbol \ngtr on input line 362.
LaTeX Font Info:    Redeclaring math symbol \nprec on input line 362.
LaTeX Font Info:    Redeclaring math symbol \nsucc on input line 362.
LaTeX Font Info:    Redeclaring math symbol \lneqq on input line 362.
LaTeX Font Info:    Redeclaring math symbol \gneqq on input line 362.
LaTeX Font Info:    Redeclaring math symbol \nleqslant on input line 362.
LaTeX Font Info:    Redeclaring math symbol \ngeqslant on input line 362.
LaTeX Font Info:    Redeclaring math symbol \lneq on input line 362.
LaTeX Font Info:    Redeclaring math symbol \gneq on input line 362.
LaTeX Font Info:    Redeclaring math symbol \npreceq on input line 362.
LaTeX Font Info:    Redeclaring math symbol \nsucceq on input line 362.
LaTeX Font Info:    Redeclaring math symbol \precnsim on input line 362.
LaTeX Font Info:    Redeclaring math symbol \succnsim on input line 362.
LaTeX Font Info:    Redeclaring math symbol \lnsim on input line 362.
LaTeX Font Info:    Redeclaring math symbol \gnsim on input line 362.
LaTeX Font Info:    Redeclaring math symbol \nleqq on input line 362.
LaTeX Font Info:    Redeclaring math symbol \ngeqq on input line 362.
LaTeX Font Info:    Redeclaring math symbol \precneqq on input line 362.
LaTeX Font Info:    Redeclaring math symbol \succneqq on input line 362.
LaTeX Font Info:    Redeclaring math symbol \precnapprox on input line 362.
LaTeX Font Info:    Redeclaring math symbol \succnapprox on input line 362.
LaTeX Font Info:    Redeclaring math symbol \lnapprox on input line 362.
LaTeX Font Info:    Redeclaring math symbol \gnapprox on input line 362.
LaTeX Font Info:    Redeclaring math symbol \nsim on input line 362.
LaTeX Font Info:    Redeclaring math symbol \ncong on input line 362.
LaTeX Font Info:    Redeclaring math symbol \nsubseteqq on input line 362.
LaTeX Font Info:    Redeclaring math symbol \nsupseteqq on input line 362.
LaTeX Font Info:    Redeclaring math symbol \subsetneqq on input line 362.
LaTeX Font Info:    Redeclaring math symbol \supsetneqq on input line 362.
LaTeX Font Info:    Redeclaring math symbol \subsetneq on input line 362.
LaTeX Font Info:    Redeclaring math symbol \supsetneq on input line 362.
LaTeX Font Info:    Redeclaring math symbol \nsubseteq on input line 362.
LaTeX Font Info:    Redeclaring math symbol \nsupseteq on input line 362.
LaTeX Font Info:    Redeclaring math symbol \nparallel on input line 362.
LaTeX Font Info:    Redeclaring math symbol \nmid on input line 362.
LaTeX Font Info:    Redeclaring math symbol \nshortmid on input line 362.
LaTeX Font Info:    Redeclaring math symbol \nshortparallel on input line 362.
LaTeX Font Info:    Redeclaring math symbol \nvdash on input line 362.
LaTeX Font Info:    Redeclaring math symbol \nVdash on input line 362.
LaTeX Font Info:    Redeclaring math symbol \nvDash on input line 362.
LaTeX Font Info:    Redeclaring math symbol \nVDash on input line 362.
LaTeX Font Info:    Redeclaring math symbol \ntrianglerighteq on input line 362
.
LaTeX Font Info:    Redeclaring math symbol \ntrianglelefteq on input line 362.

LaTeX Font Info:    Redeclaring math symbol \ntriangleleft on input line 362.
LaTeX Font Info:    Redeclaring math symbol \ntriangleright on input line 362.
LaTeX Font Info:    Redeclaring math symbol \nleftarrow on input line 362.
LaTeX Font Info:    Redeclaring math symbol \nrightarrow on input line 362.
LaTeX Font Info:    Redeclaring math symbol \nLeftarrow on input line 362.
LaTeX Font Info:    Redeclaring math symbol \nRightarrow on input line 362.
LaTeX Font Info:    Redeclaring math symbol \nLeftrightarrow on input line 362.

LaTeX Font Info:    Redeclaring math symbol \nleftrightarrow on input line 362.

LaTeX Font Info:    Redeclaring math symbol \divideontimes on input line 362.
LaTeX Font Info:    Redeclaring math symbol \varnothing on input line 362.
LaTeX Font Info:    Redeclaring math symbol \mho on input line 362.
LaTeX Font Info:    Redeclaring math symbol \eth on input line 362.
LaTeX Font Info:    Redeclaring math symbol \eqsim on input line 362.
LaTeX Font Info:    Redeclaring math symbol \beth on input line 362.
LaTeX Font Info:    Redeclaring math symbol \gimel on input line 362.
LaTeX Font Info:    Redeclaring math symbol \daleth on input line 362.
LaTeX Font Info:    Redeclaring math symbol \lessdot on input line 362.
LaTeX Font Info:    Redeclaring math symbol \gtrdot on input line 362.
LaTeX Font Info:    Redeclaring math symbol \ltimes on input line 362.
LaTeX Font Info:    Redeclaring math symbol \rtimes on input line 362.
LaTeX Font Info:    Redeclaring math symbol \shortmid on input line 362.
LaTeX Font Info:    Redeclaring math symbol \shortparallel on input line 362.
LaTeX Font Info:    Redeclaring math symbol \smallsetminus on input line 362.
LaTeX Font Info:    Redeclaring math symbol \thicksim on input line 362.
LaTeX Font Info:    Redeclaring math symbol \thickapprox on input line 362.
LaTeX Font Info:    Redeclaring math symbol \approxeq on input line 362.
LaTeX Font Info:    Redeclaring math symbol \succapprox on input line 362.
LaTeX Font Info:    Redeclaring math symbol \precapprox on input line 362.
LaTeX Font Info:    Redeclaring math symbol \curvearrowleft on input line 362.
LaTeX Font Info:    Redeclaring math symbol \curvearrowright on input line 362.

LaTeX Font Info:    Redeclaring math symbol \digamma on input line 362.
LaTeX Font Info:    Redeclaring math symbol \varkappa on input line 362.
LaTeX Font Info:    Redeclaring math symbol \hslash on input line 362.
LaTeX Font Info:    Redeclaring math symbol \hbar on input line 362.
LaTeX Font Info:    Redeclaring math symbol \backepsilon on input line 362.
\z@combox=\box58
\z@wdcalc=\dimen178
\z@stackmin=\count299
\z@stackmax=\count300
\z@stacktop=\count301
\@gtempa=\dimen179
\@gtempa=\dimen180
\@gtempa=\dimen181
\@gtempa=\dimen182
\@gtempa=\dimen183
\@gtempa=\dimen184
\@gtempa=\dimen185
\@gtempa=\dimen186
\@gtempa=\dimen187
\@gtempa=\dimen188
\@gtempa=\dimen189
\@gtempa=\dimen190
\@gtempa=\dimen191
\@gtempa=\dimen192
\@gtempa=\dimen193
\@gtempa=\dimen194
\@gtempa=\dimen195
\@gtempa=\dimen196
\@gtempa=\dimen197
\@gtempa=\dimen198
\@gtempa=\dimen199
\@gtempa=\dimen256
\@gtempa=\dimen257
\@gtempa=\dimen258
\@gtempa=\dimen259
\@gtempa=\dimen260
\@gtempa=\dimen261
\@gtempa=\dimen262
\@gtempa=\dimen263
\@gtempa=\dimen264
\@gtempa=\dimen265
\@gtempa=\dimen266
\@gtempa=\dimen267
\@gtempa=\dimen268
\@gtempa=\dimen269
\@gtempa=\dimen270
\@gtempa=\dimen271
\@gtempa=\dimen272
\@gtempa=\dimen273
\@gtempa=\dimen274
\@gtempa=\dimen275
\@gtempa=\dimen276
\@gtempa=\dimen277
\@gtempa=\dimen278
\@gtempa=\dimen279
\@gtempa=\dimen280
\@gtempa=\dimen281
\@gtempa=\dimen282
\@gtempa=\dimen283
\@gtempa=\dimen284
\z@curline=\box59
\z@curindent=\dimen285
\z@curfield=\box60
\zedindent=\dimen286
\zedleftsep=\dimen287
\zedtab=\dimen288
\zedbar=\dimen289
\zedlinethickness=\dimen290
\zedcornerheight=\dimen291
\z@cols=\count302
\zedbaselineskip=\skip62
\zstrutbox=\box61
\interzedlinepenalty=\count303
\preboxpenalty=\count304
\forcepagepenalty=\count305
\z@adskip=\skip63
\z@bdskip=\skip64
\z@adsskip=\skip65
\z@bdsskip=\skip66
\z@temp=\dimen292
)
(C:\Users\clara\AppData\Local\Programs\MiKTeX\tex/latex/titlepic\titlepic.sty
Package: titlepic 2017/03/14 1.2 Package to display a picture on the title page

)
(C:\Users\clara\AppData\Local\Programs\MiKTeX\tex/latex/fancyvrb\fancyvrb.sty
Package: fancyvrb 2023/01/19 4.5a verbatim text (tvz,hv)
\FV@CodeLineNo=\count306
\FV@InFile=\read3
\FV@TabBox=\box62
\c@FancyVerbLine=\count307
\FV@StepNumber=\count308
\FV@OutFile=\write3
)
(C:\Users\clara\AppData\Local\Programs\MiKTeX\tex/latex/l3backend\l3backend-pdf
tex.def
File: l3backend-pdftex.def 2023-04-19 L3 backend support: PDF output (pdfTeX)
\l__color_backend_stack_int=\count309
\l__pdf_internal_box=\box63
) (formal-spec.aux)
\openout1 = `formal-spec.aux'.

LaTeX Font Info:    Checking defaults for OML/cmm/m/it on input line 25.
LaTeX Font Info:    ... okay on input line 25.
LaTeX Font Info:    Checking defaults for OMS/cmsy/m/n on input line 25.
LaTeX Font Info:    ... okay on input line 25.
LaTeX Font Info:    Checking defaults for OT1/cmr/m/n on input line 25.
LaTeX Font Info:    ... okay on input line 25.
LaTeX Font Info:    Checking defaults for T1/cmr/m/n on input line 25.
LaTeX Font Info:    ... okay on input line 25.
LaTeX Font Info:    Checking defaults for TS1/cmr/m/n on input line 25.
LaTeX Font Info:    ... okay on input line 25.
LaTeX Font Info:    Checking defaults for OMX/cmex/m/n on input line 25.
LaTeX Font Info:    ... okay on input line 25.
LaTeX Font Info:    Checking defaults for U/cmr/m/n on input line 25.
LaTeX Font Info:    ... okay on input line 25.
LaTeX Font Info:    Checking defaults for PD1/pdf/m/n on input line 25.
LaTeX Font Info:    ... okay on input line 25.
LaTeX Font Info:    Checking defaults for PU/pdf/m/n on input line 25.
LaTeX Font Info:    ... okay on input line 25.

*geometry* driver: auto-detecting
*geometry* detected driver: pdftex
*geometry* verbose mode - [ preamble ] result:
* driver: pdftex
* paper: <default>
* layout: <same size as paper>
* layoutoffset:(h,v)=(0.0pt,0.0pt)
* modes: 
* h-part:(L,W,R)=(72.26999pt, 469.75502pt, 72.26999pt)
* v-part:(T,H,B)=(72.26999pt, 650.43001pt, 72.26999pt)
* \paperwidth=614.295pt
* \paperheight=794.96999pt
* \textwidth=469.75502pt
* \textheight=650.43001pt
* \oddsidemargin=0.0pt
* \evensidemargin=0.0pt
* \topmargin=-37.0pt
* \headheight=12.0pt
* \headsep=25.0pt
* \topskip=12.0pt
* \footskip=30.0pt
* \marginparwidth=44.0pt
* \marginparsep=10.0pt
* \columnsep=10.0pt
* \skip\footins=10.8pt plus 4.0pt minus 2.0pt
* \hoffset=0.0pt
* \voffset=0.0pt
* \mag=1000
* \@twocolumnfalse
* \@twosidefalse
* \@mparswitchfalse
* \@reversemarginfalse
* (1in=72.27pt=25.4mm, 1cm=28.453pt)


(C:\Users\clara\AppData\Local\Programs\MiKTeX\tex/context/base/mkii\supp-pdf.mk
ii
[Loading MPS to PDF converter (version 2006.09.02).]
\scratchcounter=\count310
\scratchdimen=\dimen293
\scratchbox=\box64
\nofMPsegments=\count311
\nofMParguments=\count312
\everyMPshowfont=\toks36
\MPscratchCnt=\count313
\MPscratchDim=\dimen294
\MPnumerator=\count314
\makeMPintoPDFobject=\count315
\everyMPtoPDFconversion=\toks37
)
(C:\Users\clara\AppData\Local\Programs\MiKTeX\tex/latex/epstopdf-pkg\epstopdf-b
ase.sty
Package: epstopdf-base 2020-01-24 v2.11 Base part for package epstopdf
Package epstopdf-base Info: Redefining graphics rule for `.eps' on input line 4
85.

(C:\Users\clara\AppData\Local\Programs\MiKTeX\tex/latex/00miktex\epstopdf-sys.c
fg
File: epstopdf-sys.cfg 2021/03/18 v2.0 Configuration of epstopdf for MiKTeX
))
\c@lstlisting=\count316
Package hyperref Info: Link coloring OFF on input line 25.
 (formal-spec.out) (formal-spec.out)
\@outlinefile=\write4
\openout4 = `formal-spec.out'.

LaTeX Font Info:    Trying to load font information for U+msa on input line 27.


(C:\Users\clara\AppData\Local\Programs\MiKTeX\tex/latex/amsfonts\umsa.fd
File: umsa.fd 2013/01/14 v3.01 AMS symbols A
)
LaTeX Font Info:    Trying to load font information for U+msb on input line 27.


(C:\Users\clara\AppData\Local\Programs\MiKTeX\tex/latex/amsfonts\umsb.fd
File: umsb.fd 2013/01/14 v3.01 AMS symbols B
)
LaTeX Font Info:    Trying to load font information for U+lasy on input line 27
.

(C:\Users\clara\AppData\Local\Programs\MiKTeX\tex/latex/base\ulasy.fd
File: ulasy.fd 1998/08/17 v2.2e LaTeX symbol font definitions
) [1

{C:/Users/clara/AppData/Local/MiKTeX/fonts/map/pdftex/pdftex.map}] [2] [3] [4]
Overfull \hbox (27.42563pt too wide) in alignment at lines 185--186
[] []
 []

[5] (formal-spec.aux)
 ***********
LaTeX2e <2023-06-01> patch level 1
L3 programming layer <2023-08-29>
 ***********
Package rerunfilecheck Info: File `formal-spec.out' has not changed.
(rerunfilecheck)             Checksum: 787B5005418E668573552CEBB8877EDD;807.
 ) 
Here is how much of TeX's memory you used:
 12730 strings out of 475247
 191876 string characters out of 5757791
 1930785 words of memory out of 5000000
 34078 multiletter control sequences out of 15000+600000
 569558 words of font info for 82 fonts, out of 8000000 for 9000
 1141 hyphenation exceptions out of 8191
 75i,10n,79p,551b,1738s stack positions out of 10000i,1000n,20000p,200000b,200000s
<C:/Users/clara/AppData/Local/Programs/MiKTeX/fonts/type1/public/amsfonts/cm/
cmbx12.pfb><C:/Users/clara/AppData/Local/Programs/MiKTeX/fonts/type1/public/ams
fonts/cm/cmmi12.pfb><C:/Users/clara/AppData/Local/Programs/MiKTeX/fonts/type1/p
ublic/amsfonts/cm/cmr12.pfb><C:/Users/clara/AppData/Local/Programs/MiKTeX/fonts
/type1/public/amsfonts/cm/cmr17.pfb><C:/Users/clara/AppData/Local/Programs/MiKT
eX/fonts/type1/public/amsfonts/cm/cmr8.pfb><C:/Users/clara/AppData/Local/Progra
ms/MiKTeX/fonts/type1/public/amsfonts/cm/cmsy10.pfb><C:/Users/clara/AppData/Loc
al/Programs/MiKTeX/fonts/type1/public/amsfonts/cm/cmsy8.pfb><C:/Users/clara/App
Data/Local/Programs/MiKTeX/fonts/type1/public/amsfonts/cm/cmti12.pfb><C:/Users/
clara/AppData/Local/Programs/MiKTeX/fonts/type1/public/amsfonts/symbols/msam10.
pfb><C:/Users/clara/AppData/Local/Programs/MiKTeX/fonts/type1/public/amsfonts/s
ymbols/msbm10.pfb>
Output written on formal-spec.pdf (5 pages, 123561 bytes).
PDF statistics:
 92 PDF objects out of 1000 (max. 8388607)
 9 named destinations out of 1000 (max. 500000)
 25 words of extra memory for PDF output out of 10000 (max. 10000000)

